bin_file.py[LINE:14]# INFO     [2018-08-12 21:41:15,400]   opening text files and concatenating into one
bin_file.py[LINE:14]# INFO     [2018-08-12 21:42:54,841]   opening text files and concatenating into one
bin_file.py[LINE:14]# INFO     [2018-08-12 21:48:03,460]   opening text files and concatenating into one
bin_file.py[LINE:14]# INFO     [2018-08-12 21:48:23,280]   opening text files and concatenating into one
bin_file.py[LINE:14]# INFO     [2018-08-12 21:48:41,986]   opening text files and concatenating into one
bin_file.py[LINE:15]# INFO     [2018-08-12 21:50:57,602]   opening text files and concatenating into one
bin_file.py[LINE:15]# INFO     [2018-08-12 21:54:12,522]   opening text files and concatenating into one
bin_file.py[LINE:15]# INFO     [2018-08-12 21:55:11,635]   opening text files and concatenating into one
bin_file.py[LINE:14]# INFO     [2018-08-12 22:01:05,280]   opening text files and concatenating into one
bin_file.py[LINE:14]# INFO     [2018-08-12 22:02:44,293]   opening text files and concatenating into one
bin_file.py[LINE:15]# INFO     [2018-08-12 22:04:39,123]   opening text files and concatenating into one
bin_file.py[LINE:15]# INFO     [2018-08-12 22:05:22,387]   opening text files and concatenating into one
bin_file.py[LINE:15]# INFO     [2018-08-12 22:07:25,163]   opening text files and concatenating into one
bin_file.py[LINE:15]# INFO     [2018-08-12 22:07:39,960]   opening text files and concatenating into one
bin_file.py[LINE:15]# INFO     [2018-08-12 22:09:01,146]   opening text files and concatenating into one
bin_file.py[LINE:15]# INFO     [2018-08-12 22:11:44,188]   opening text files and concatenating into one
bin_file.py[LINE:15]# INFO     [2018-08-12 22:13:29,920]   opening text files and concatenating into one
bin_file.py[LINE:15]# INFO     [2018-08-12 22:15:20,176]   opening text files and concatenating into one
bin_file.py[LINE:15]# INFO     [2018-08-12 22:17:00,597]   opening text files and concatenating into one
bin_file.py[LINE:15]# INFO     [2018-08-12 22:18:34,821]   opening text files and concatenating into one
bin_file.py[LINE:15]# INFO     [2018-08-12 22:19:46,437]   opening text files and concatenating into one
bin_file.py[LINE:22]# DEBUG    [2018-08-12 22:19:46,438]  text type<class 'int'>
bin_file.py[LINE:15]# INFO     [2018-08-12 22:20:56,160]   opening text files and concatenating into one
bin_file.py[LINE:22]# DEBUG    [2018-08-12 22:20:56,161]  text type<class 'int'>
bin_file.py[LINE:23]# DEBUG    [2018-08-12 22:20:56,161]  output22
bin_file.py[LINE:15]# INFO     [2018-08-12 22:22:09,139]   opening text files and concatenating into one
bin_file.py[LINE:15]# INFO     [2018-08-12 22:23:14,060]   opening text files and concatenating into one
bin_file.py[LINE:15]# INFO     [2018-08-12 22:23:31,246]   opening text files and concatenating into one
bin_file.py[LINE:22]# DEBUG    [2018-08-12 22:23:31,247]  text type<class 'int'>
bin_file.py[LINE:23]# DEBUG    [2018-08-12 22:23:31,247]  output19
bin_file.py[LINE:15]# INFO     [2018-08-12 22:24:08,790]   opening text files and concatenating into one
bin_file.py[LINE:15]# INFO     [2018-08-12 22:24:59,136]   opening text files and concatenating into one
bin_file.py[LINE:22]# DEBUG    [2018-08-12 22:24:59,137]  text type<class 'int'>
bin_file.py[LINE:23]# DEBUG    [2018-08-12 22:24:59,137]  output19
bin_file.py[LINE:15]# INFO     [2018-08-12 22:33:37,321]   opening text files and concatenating into one
bin_file.py[LINE:15]# INFO     [2018-08-12 22:34:18,736]   opening text files and concatenating into one
bin_file.py[LINE:15]# INFO     [2018-08-12 22:34:36,289]   opening text files and concatenating into one
bin_file.py[LINE:15]# INFO     [2018-08-12 22:35:33,925]   opening text files and concatenating into one
bin_file.py[LINE:15]# INFO     [2018-08-12 22:35:45,158]   opening text files and concatenating into one
bin_file.py[LINE:15]# INFO     [2018-08-12 22:39:08,797]   opening text files and concatenating into one
bin_file.py[LINE:15]# INFO     [2018-08-12 22:40:40,702]   opening text files and concatenating into one
bin_file.py[LINE:15]# INFO     [2018-08-12 22:40:52,407]   opening text files and concatenating into one
bin_file.py[LINE:15]# INFO     [2018-08-12 22:41:09,521]   opening text files and concatenating into one
bin_file.py[LINE:15]# INFO     [2018-08-12 22:41:40,462]   opening text files and concatenating into one
bin_file.py[LINE:15]# INFO     [2018-08-12 22:42:12,184]   opening text files and concatenating into one
bin_file.py[LINE:15]# INFO     [2018-08-12 23:27:18,341]   opening text files and concatenating into one
bin_file.py[LINE:15]# INFO     [2018-08-12 23:28:03,974]   opening text files and concatenating into one
bin_file.py[LINE:15]# INFO     [2018-08-12 23:28:21,605]   opening text files and concatenating into one
bin_file.py[LINE:15]# INFO     [2018-08-12 23:29:17,778]   opening text files and concatenating into one
bin_file.py[LINE:15]# INFO     [2018-08-12 23:29:29,698]   opening text files and concatenating into one
bin_file.py[LINE:15]# INFO     [2018-08-12 23:29:54,437]   opening text files and concatenating into one
bin_file.py[LINE:15]# INFO     [2018-08-12 23:33:10,546]   opening text files and concatenating into one
bin_file.py[LINE:15]# INFO     [2018-08-12 23:33:26,514]   opening text files and concatenating into one
bin_file.py[LINE:15]# INFO     [2018-08-12 23:36:12,606]   opening text files and concatenating into one
bin_file.py[LINE:15]# INFO     [2018-08-12 23:44:34,061]   opening text files and concatenating into one
bin_file.py[LINE:15]# INFO     [2018-08-12 23:45:01,198]   opening text files and concatenating into one
bin_file.py[LINE:15]# INFO     [2018-08-12 23:45:43,554]   opening text files and concatenating into one
bin_file.py[LINE:15]# INFO     [2018-08-12 23:46:17,268]   opening text files and concatenating into one
bin_file.py[LINE:15]# INFO     [2018-08-12 23:46:50,317]   opening text files and concatenating into one
bin_file.py[LINE:15]# INFO     [2018-08-12 23:47:13,472]   opening text files and concatenating into one
bin_file.py[LINE:15]# INFO     [2018-08-12 23:47:43,953]   opening text files and concatenating into one
bin_file.py[LINE:15]# INFO     [2018-08-12 23:48:18,608]   opening text files and concatenating into one
bin_file.py[LINE:15]# INFO     [2018-08-12 23:49:25,651]   opening text files and concatenating into one
bin_file.py[LINE:15]# INFO     [2018-08-12 23:50:36,503]   opening text files and concatenating into one
bin_file.py[LINE:15]# INFO     [2018-08-12 23:51:13,987]   opening text files and concatenating into one
bin_file.py[LINE:15]# INFO     [2018-08-12 23:54:04,119]   opening text files and concatenating into one
bin_file.py[LINE:15]# INFO     [2018-08-13 00:08:15,568]   opening text files and concatenating into one
bin_file.py[LINE:15]# INFO     [2018-08-13 00:15:20,258]   opening text files and concatenating into one
bin_file.py[LINE:15]# INFO     [2018-08-13 00:16:14,610]   opening text files and concatenating into one
bin_file.py[LINE:15]# INFO     [2018-08-13 00:16:48,830]   opening text files and concatenating into one
bin_file.py[LINE:15]# INFO     [2018-08-13 00:19:48,010]   opening text files and concatenating into one
bin_file.py[LINE:26]# DEBUG    [2018-08-13 00:19:48,013]  type of 'convertfile<class '_io.TextIOWrapper'>
bin_file.py[LINE:15]# INFO     [2018-08-13 00:20:16,376]   opening text files and concatenating into one
bin_file.py[LINE:15]# INFO     [2018-08-13 00:27:36,811]   opening text files and concatenating into one
bin_file.py[LINE:28]# DEBUG    [2018-08-13 00:27:36,813]  type of 'convertfile<class '_io.TextIOWrapper'>
bin_file.py[LINE:30]# INFO     [2018-08-13 00:27:36,813]  converted into bytes concatenated strings in text_out.tex
bin_file.py[LINE:15]# INFO     [2018-08-13 00:27:49,734]   opening text files and concatenating into one
bin_file.py[LINE:28]# DEBUG    [2018-08-13 00:27:49,737]  type of 'convertfile<class '_io.TextIOWrapper'>
bin_file.py[LINE:30]# INFO     [2018-08-13 00:27:49,737]  converted into bytes concatenated strings in text_out.tex
bin_file.py[LINE:15]# INFO     [2018-08-13 00:28:04,395]   opening text files and concatenating into one
bin_file.py[LINE:28]# DEBUG    [2018-08-13 00:28:04,397]  type of 'convertfile<class '_io.TextIOWrapper'>
bin_file.py[LINE:30]# INFO     [2018-08-13 00:28:04,398]  converted into bytes concatenated strings in text_out.tex
bin_file.py[LINE:15]# INFO     [2018-08-13 00:29:39,667]   opening text files and concatenating into one
bin_file.py[LINE:29]# DEBUG    [2018-08-13 00:29:39,669]  type of 'convertfile<class '_io.TextIOWrapper'>
bin_file.py[LINE:31]# INFO     [2018-08-13 00:29:39,669]  converted into bytes concatenated strings in text_out.tex
bin_file.py[LINE:15]# INFO     [2018-08-13 00:29:58,837]   opening text files and concatenating into one
bin_file.py[LINE:29]# DEBUG    [2018-08-13 00:29:58,839]  type of 'convertfile<class '_io.TextIOWrapper'>
bin_file.py[LINE:31]# INFO     [2018-08-13 00:29:58,840]  converted into bytes concatenated strings in text_out.tex
bin_file.py[LINE:15]# INFO     [2018-08-13 00:30:38,001]   opening text files and concatenating into one
bin_file.py[LINE:15]# INFO     [2018-08-13 00:31:08,537]   opening text files and concatenating into one
bin_file.py[LINE:29]# DEBUG    [2018-08-13 00:31:08,539]  type of 'convertfile<class '_io.TextIOWrapper'>
bin_file.py[LINE:31]# INFO     [2018-08-13 00:31:08,539]  converted into bytes concatenated strings in text_out.tex
bin_file.py[LINE:15]# INFO     [2018-08-13 00:33:20,074]   opening text files and concatenating into one
bin_file.py[LINE:28]# DEBUG    [2018-08-13 00:33:20,080]  type of 'convertfile<class '_io.TextIOWrapper'>
bin_file.py[LINE:30]# INFO     [2018-08-13 00:33:20,081]  converted into bytes concatenated strings in text_out.tex
bin_file.py[LINE:31]# DEBUG    [2018-08-13 00:33:20,081]  result of convert b'everyAlex'
bin_file.py[LINE:15]# INFO     [2018-08-13 00:34:09,680]   opening text files and concatenating into one
bin_file.py[LINE:28]# DEBUG    [2018-08-13 00:34:09,682]  type of 'convertfile<class '_io.TextIOWrapper'>
bin_file.py[LINE:30]# INFO     [2018-08-13 00:34:09,682]  converted into bytes concatenated strings in text_out.tex
bin_file.py[LINE:31]# DEBUG    [2018-08-13 00:34:09,682]  result of convert b'everyAlex'
bin_file.py[LINE:15]# INFO     [2018-08-13 00:51:31,626]   opening text files and concatenating into one
bin_file.py[LINE:28]# DEBUG    [2018-08-13 00:51:31,631]  type of 'convertfile<class '_io.TextIOWrapper'>
bin_file.py[LINE:30]# INFO     [2018-08-13 00:51:31,632]  converted into bytes concatenated strings in text_out.tex
bin_file.py[LINE:31]# DEBUG    [2018-08-13 00:51:31,632]  result of convert b'\xd0\xa0\xd0\x8e\xd0\xa0\xc2\xb0\xd0\xa1\xe2\x82\xac\xd0\xa0\xc2\xb0\xd0\xa0\xd1\x99\xd0\xa0\xc2\xb0\xd0\xa1\xe2\x80\xb0\xd0\xa0\xc2\xb0'
bin_file.py[LINE:15]# INFO     [2018-08-13 00:57:49,982]   opening text files and concatenating into one
bin_file.py[LINE:28]# DEBUG    [2018-08-13 00:57:49,988]  type of 'convertfile<class '_io.TextIOWrapper'>
bin_file.py[LINE:30]# INFO     [2018-08-13 00:57:49,988]  converted into bytes concatenated strings in text_out.tex
bin_file.py[LINE:31]# DEBUG    [2018-08-13 00:57:49,988]  result of convert b'\xd0\xa0\xd0\x8e\xd0\xa0\xc2\xb0\xd0\xa1\xe2\x82\xac\xd0\xa0\xc2\xb0\xd0\xa0\xd1\x99\xd0\xa0\xc2\xb0\xd0\xa1\xe2\x80\xb0\xd0\xa0\xc2\xb0'
bin_file.py[LINE:15]# INFO     [2018-08-13 00:58:34,641]   opening text files and concatenating into one
bin_file.py[LINE:28]# DEBUG    [2018-08-13 00:58:34,647]  type of 'convertfile<class '_io.TextIOWrapper'>
bin_file.py[LINE:30]# INFO     [2018-08-13 00:58:34,647]  converted into bytes concatenated strings in text_out.tex
bin_file.py[LINE:31]# DEBUG    [2018-08-13 00:58:34,647]  result of convert b'AlexSun'
bin_file.py[LINE:15]# INFO     [2018-08-13 01:00:31,417]   opening text files and concatenating into one
bin_file.py[LINE:28]# DEBUG    [2018-08-13 01:00:31,420]  type of 'convertfile<class '_io.TextIOWrapper'>
bin_file.py[LINE:30]# INFO     [2018-08-13 01:00:31,420]  converted into bytes concatenated strings in text_out.tex
bin_file.py[LINE:31]# DEBUG    [2018-08-13 01:00:31,420]  result of convert b'AlexSun'
bin_file.py[LINE:15]# INFO     [2018-08-13 01:00:45,775]   opening text files and concatenating into one
bin_file.py[LINE:28]# DEBUG    [2018-08-13 01:00:45,778]  type of 'convertfile<class '_io.TextIOWrapper'>
bin_file.py[LINE:30]# INFO     [2018-08-13 01:00:45,779]  converted into bytes concatenated strings in text_out.tex
bin_file.py[LINE:31]# DEBUG    [2018-08-13 01:00:45,779]  result of convert b'AlexSun'
bin_file.py[LINE:15]# INFO     [2018-08-13 01:01:12,617]   opening text files and concatenating into one
bin_file.py[LINE:28]# DEBUG    [2018-08-13 01:01:12,620]  type of 'convertfile<class '_io.TextIOWrapper'>
bin_file.py[LINE:30]# INFO     [2018-08-13 01:01:12,620]  converted into bytes concatenated strings in text_out.tex
bin_file.py[LINE:31]# DEBUG    [2018-08-13 01:01:12,620]  result of convert b'AlexSun'
bin_file.py[LINE:15]# INFO     [2018-08-13 01:01:20,003]   opening text files and concatenating into one
bin_file.py[LINE:28]# DEBUG    [2018-08-13 01:01:20,006]  type of 'convertfile<class '_io.TextIOWrapper'>
bin_file.py[LINE:30]# INFO     [2018-08-13 01:01:20,006]  converted into bytes concatenated strings in text_out.tex
bin_file.py[LINE:31]# DEBUG    [2018-08-13 01:01:20,007]  result of convert b'AlexSun'
bin_file.py[LINE:15]# INFO     [2018-08-13 01:02:17,310]   opening text files and concatenating into one
bin_file.py[LINE:28]# DEBUG    [2018-08-13 01:02:17,320]  type of 'convertfile<class '_io.TextIOWrapper'>
bin_file.py[LINE:30]# INFO     [2018-08-13 01:02:17,320]  converted into bytes concatenated strings in text_out.tex
bin_file.py[LINE:31]# DEBUG    [2018-08-13 01:02:17,320]  result of convert b'\xd0\xb2\xd0\xbb\xd0\xbc\xd0\xb2\xd0\xb0\xd0\xbc\xd0\xbb\xd0\xb2\xd0\xb4\xd0\xbb \xd0\xb2\xd0\xbb\xd0\xbc\xd0\xb0\xd0\xb2\xd0\xb4\xd0\xbb\xd0\xbc\xd0\xbf\xd0\xb2Sun'
bin_file.py[LINE:15]# INFO     [2018-08-13 01:02:43,763]   opening text files and concatenating into one
bin_file.py[LINE:28]# DEBUG    [2018-08-13 01:02:43,769]  type of 'convertfile<class '_io.TextIOWrapper'>
bin_file.py[LINE:30]# INFO     [2018-08-13 01:02:43,769]  converted into bytes concatenated strings in text_out.tex
bin_file.py[LINE:31]# DEBUG    [2018-08-13 01:02:43,769]  result of convert b'\xd0\xb2\xd0\xbb\xd0\xbc\xd0\xb2\xd0\xb0\xd0\xbc\xd0\xbb\xd0\xb2\xd0\xb4\xd0\xbb \xd0\xb2\xd0\xbb\xd0\xbc\xd0\xb0\xd0\xb2\xd0\xb4\xd0\xbb\xd0\xbc\xd0\xbf\xd0\xb2\xd0\xb0\xd0\xbd\xd0\xbf\xd0\xb3\xd0\xb3'
bin_file.py[LINE:15]# INFO     [2018-08-13 01:07:52,183]   opening text files and concatenating into one
bin_file.py[LINE:28]# DEBUG    [2018-08-13 01:07:52,186]  type of 'convertfile<class '_io.TextIOWrapper'>
bin_file.py[LINE:30]# INFO     [2018-08-13 01:07:52,186]  converted into bytes concatenated strings in text_out.tex
bin_file.py[LINE:31]# DEBUG    [2018-08-13 01:07:52,186]  result of convert b'\xd0\xb2\xd0\xbb\xd0\xbc\xd0\xb2\xd0\xb0\xd0\xbc\xd0\xbb\xd0\xb2\xd0\xb4\xd0\xbb \xd0\xb2\xd0\xbb\xd0\xbc\xd0\xb0\xd0\xb2\xd0\xb4\xd0\xbb\xd0\xbc\xd0\xbf\xd0\xb2\xd0\xb0\xd0\xbd\xd0\xbf\xd0\xb3\xd0\xb3'
bin_file.py[LINE:15]# INFO     [2018-08-13 01:08:30,627]   opening text files and concatenating into one
bin_file.py[LINE:28]# DEBUG    [2018-08-13 01:08:30,629]  type of 'convertfile<class '_io.TextIOWrapper'>
bin_file.py[LINE:30]# INFO     [2018-08-13 01:08:30,630]  converted into bytes concatenated strings in text_out.tex
bin_file.py[LINE:31]# DEBUG    [2018-08-13 01:08:30,630]  result of convert b'\xd0\xb2\xd0\xbb\xd0\xbc\xd0\xb2\xd0\xb0\xd0\xbc\xd0\xbb\xd0\xb2\xd0\xb4\xd0\xbb \xd0\xb2\xd0\xbb\xd0\xbc\xd0\xb0\xd0\xb2\xd0\xb4\xd0\xbb\xd0\xbc\xd0\xbf\xd0\xb2\xd0\xb0\xd0\xbd\xd0\xbf\xd0\xb3\xd0\xb3'
bin_file.py[LINE:15]# INFO     [2018-08-13 01:09:40,408]   opening text files and concatenating into one
bin_file.py[LINE:28]# DEBUG    [2018-08-13 01:09:40,411]  type of 'convertfile<class '_io.TextIOWrapper'>
bin_file.py[LINE:30]# INFO     [2018-08-13 01:09:40,411]  converted into bytes concatenated strings in text_out.tex
bin_file.py[LINE:31]# DEBUG    [2018-08-13 01:09:40,411]  result of convert b'\xd0\xb2\xd0\xbb\xd0\xbc\xd0\xb2\xd0\xb0\xd0\xbc\xd0\xbb\xd0\xb2\xd0\xb4\xd0\xbb \xd0\xb2\xd0\xbb\xd0\xbc\xd0\xb0\xd0\xb2\xd0\xb4\xd0\xbb\xd0\xbc\xd0\xbf\xd0\xb2\xd0\xb0\xd0\xbd\xd0\xbf\xd0\xb3\xd0\xb3'
bin_file.py[LINE:15]# INFO     [2018-08-13 01:10:11,039]   opening text files and concatenating into one
bin_file.py[LINE:28]# DEBUG    [2018-08-13 01:10:11,041]  type of 'convertfile<class '_io.TextIOWrapper'>
bin_file.py[LINE:30]# INFO     [2018-08-13 01:10:11,042]  converted into bytes concatenated strings in text_out.tex
bin_file.py[LINE:31]# DEBUG    [2018-08-13 01:10:11,042]  result of convert b'\xd0\xb2\xd0\xbb\xd0\xbc\xd0\xb2\xd0\xb0\xd0\xbc\xd0\xbb\xd0\xb2\xd0\xb4\xd0\xbb \xd0\xb2\xd0\xbb\xd0\xbc\xd0\xb0\xd0\xb2\xd0\xb4\xd0\xbb\xd0\xbc\xd0\xbf\xd0\xb2\xd0\xb0\xd0\xbd\xd0\xbf\xd0\xb3\xd0\xb3'
bin_file.py[LINE:15]# INFO     [2018-08-13 01:10:26,589]   opening text files and concatenating into one
bin_file.py[LINE:28]# DEBUG    [2018-08-13 01:10:26,591]  type of 'convertfile<class '_io.TextIOWrapper'>
bin_file.py[LINE:30]# INFO     [2018-08-13 01:10:26,591]  converted into bytes concatenated strings in text_out.tex
bin_file.py[LINE:31]# DEBUG    [2018-08-13 01:10:26,592]  result of convert b'\xd0\xb2\xd0\xbb\xd0\xbc\xd0\xb2\xd0\xb0\xd0\xbc\xd0\xbb\xd0\xb2\xd0\xb4\xd0\xbb \xd0\xb2\xd0\xbb\xd0\xbc\xd0\xb0\xd0\xb2\xd0\xb4\xd0\xbb\xd0\xbc\xd0\xbf\xd0\xb2\xd0\xb0\xd0\xbd\xd0\xbf\xd0\xb3\xd0\xb3'
bin_file.py[LINE:15]# INFO     [2018-08-13 01:10:38,179]   opening text files and concatenating into one
bin_file.py[LINE:28]# DEBUG    [2018-08-13 01:10:38,181]  type of 'convertfile<class '_io.TextIOWrapper'>
bin_file.py[LINE:30]# INFO     [2018-08-13 01:10:38,182]  converted into bytes concatenated strings in text_out.tex
bin_file.py[LINE:31]# DEBUG    [2018-08-13 01:10:38,182]  result of convert b'\xd0\xb2\xd0\xbb\xd0\xbc\xd0\xb2\xd0\xb0\xd0\xbc\xd0\xbb\xd0\xb2\xd0\xb4\xd0\xbb \xd0\xb2\xd0\xbb\xd0\xbc\xd0\xb0\xd0\xb2\xd0\xb4\xd0\xbb\xd0\xbc\xd0\xbf\xd0\xb2\xd0\xb0\xd0\xbd\xd0\xbf\xd0\xb3\xd0\xb3'
bin_file.py[LINE:15]# INFO     [2018-08-13 01:10:46,055]   opening text files and concatenating into one
bin_file.py[LINE:28]# DEBUG    [2018-08-13 01:10:46,058]  type of 'convertfile<class '_io.TextIOWrapper'>
bin_file.py[LINE:30]# INFO     [2018-08-13 01:10:46,058]  converted into bytes concatenated strings in text_out.tex
bin_file.py[LINE:31]# DEBUG    [2018-08-13 01:10:46,058]  result of convert b'\xd0\xb2\xd0\xbb\xd0\xbc\xd0\xb2\xd0\xb0\xd0\xbc\xd0\xbb\xd0\xb2\xd0\xb4\xd0\xbb \xd0\xb2\xd0\xbb\xd0\xbc\xd0\xb0\xd0\xb2\xd0\xb4\xd0\xbb\xd0\xbc\xd0\xbf\xd0\xb2\xd0\xb0\xd0\xbd\xd0\xbf\xd0\xb3\xd0\xb3'
bin_file.py[LINE:15]# INFO     [2018-08-13 01:10:56,731]   opening text files and concatenating into one
bin_file.py[LINE:28]# DEBUG    [2018-08-13 01:10:56,734]  type of 'convertfile<class '_io.TextIOWrapper'>
bin_file.py[LINE:30]# INFO     [2018-08-13 01:10:56,734]  converted into bytes concatenated strings in text_out.tex
bin_file.py[LINE:31]# DEBUG    [2018-08-13 01:10:56,734]  result of convert b'\xd0\xb2\xd0\xbb\xd0\xbc\xd0\xb2\xd0\xb0\xd0\xbc\xd0\xbb\xd0\xb2\xd0\xb4\xd0\xbb \xd0\xb2\xd0\xbb\xd0\xbc\xd0\xb0\xd0\xb2\xd0\xb4\xd0\xbb\xd0\xbc\xd0\xbf\xd0\xb2\xd0\xb0\xd0\xbd\xd0\xbf\xd0\xb3\xd0\xb3'
bin_file.py[LINE:15]# INFO     [2018-08-13 01:14:07,319]   opening text files and concatenating into one
bin_file.py[LINE:28]# DEBUG    [2018-08-13 01:14:07,321]  type of 'convertfile<class '_io.TextIOWrapper'>
bin_file.py[LINE:30]# INFO     [2018-08-13 01:14:07,322]  converted into bytes concatenated strings in text_out.tex
bin_file.py[LINE:31]# DEBUG    [2018-08-13 01:14:07,322]  result of convert b'\xd0\xb2\xd0\xbb\xd0\xbc\xd0\xb2\xd0\xb0\xd0\xbc\xd0\xbb\xd0\xb2\xd0\xb4\xd0\xbb \xd0\xb2\xd0\xbb\xd0\xbc\xd0\xb0\xd0\xb2\xd0\xb4\xd0\xbb\xd0\xbc\xd0\xbf\xd0\xb2\xd0\xb0\xd0\xbd\xd0\xbf\xd0\xb3\xd0\xb3'
bin_file.py[LINE:15]# INFO     [2018-08-13 01:14:44,191]   opening text files and concatenating into one
bin_file.py[LINE:28]# DEBUG    [2018-08-13 01:14:44,194]  type of 'convertfile<class '_io.TextIOWrapper'>
bin_file.py[LINE:30]# INFO     [2018-08-13 01:14:44,194]  converted into bytes concatenated strings in text_out.tex
bin_file.py[LINE:31]# DEBUG    [2018-08-13 01:14:44,194]  result of convert b'\xd0\xb2\xd0\xbb\xd0\xbc\xd0\xb2\xd0\xb0\xd0\xbc\xd0\xbb\xd0\xb2\xd0\xb4\xd0\xbb \xd0\xb2\xd0\xbb\xd0\xbc\xd0\xb0\xd0\xb2\xd0\xb4\xd0\xbb\xd0\xbc\xd0\xbf\xd0\xb2\xd0\xb0\xd0\xbd\xd0\xbf\xd0\xb3\xd0\xb3'
bin_file.py[LINE:15]# INFO     [2018-08-13 01:14:58,874]   opening text files and concatenating into one
bin_file.py[LINE:28]# DEBUG    [2018-08-13 01:14:58,876]  type of 'convertfile<class '_io.TextIOWrapper'>
bin_file.py[LINE:30]# INFO     [2018-08-13 01:14:58,876]  converted into bytes concatenated strings in text_out.tex
bin_file.py[LINE:31]# DEBUG    [2018-08-13 01:14:58,876]  result of convert b'\xd0\xb2\xd0\xbb\xd0\xbc\xd0\xb2\xd0\xb0\xd0\xbc\xd0\xbb\xd0\xb2\xd0\xb4\xd0\xbb \xd0\xb2\xd0\xbb\xd0\xbc\xd0\xb0\xd0\xb2\xd0\xb4\xd0\xbb\xd0\xbc\xd0\xbf\xd0\xb2\xd0\xb0\xd0\xbd\xd0\xbf\xd0\xb3\xd0\xb3'
bin_file.py[LINE:15]# INFO     [2018-08-13 01:15:32,305]   opening text files and concatenating into one
bin_file.py[LINE:28]# DEBUG    [2018-08-13 01:15:32,311]  type of 'convertfile<class '_io.TextIOWrapper'>
bin_file.py[LINE:30]# INFO     [2018-08-13 01:15:32,311]  converted into bytes concatenated strings in text_out.tex
bin_file.py[LINE:31]# DEBUG    [2018-08-13 01:15:32,311]  result of convert b'nfmdv xmdnfv dxmffcvfcvgfc'
